<?xml version="1.0" encoding="UTF-8"?>
<testsuite xmlns:xsi="http://www.w3.org/2001/XMLSchema-instance" xsi:noNamespaceSchemaLocation="https://maven.apache.org/surefire/maven-surefire-plugin/xsd/surefire-test-report-3.0.xsd" version="3.0" name="cn.iocoder.cloud.yudaocommon.YudaoCommonApplicationTests" time="0.145" tests="1" errors="1" skipped="0" failures="0">
  <properties>
[...]
</properties>
  <testcase name="" classname="cn.iocoder.cloud.yudaocommon.YudaoCommonApplicationTests" time="0.145">
    <error type="java.lang.IllegalStateException"><![CDATA[java.lang.IllegalStateException: Unable to find a @SpringBootConfiguration, you need to use @ContextConfiguration or @SpringBootTest(classes=...) with your test
]]></error>
    <system-out><![CDATA[11:35:29.630 [main] DEBUG org.springframework.test.context.BootstrapUtils - Instantiating CacheAwareContextLoaderDelegate from class [org.springframework.test.context.cache.DefaultCacheAwareContextLoaderDelegate]
11:35:29.636 [main] DEBUG org.springframework.test.context.BootstrapUtils - Instantiating BootstrapContext using constructor [public org.springframework.test.context.support.DefaultBootstrapContext(java.lang.Class,org.springframework.test.context.CacheAwareContextLoaderDelegate)]
11:35:29.656 [main] DEBUG org.springframework.test.context.BootstrapUtils - Instantiating TestContextBootstrapper for test class [cn.iocoder.cloud.yudaocommon.YudaoCommonApplicationTests] from class [org.springframework.boot.test.context.SpringBootTestContextBootstrapper]
11:35:29.663 [main] INFO org.springframework.boot.test.context.SpringBootTestContextBootstrapper - Neither @ContextConfiguration nor @ContextHierarchy found for test class [cn.iocoder.cloud.yudaocommon.YudaoCommonApplicationTests], using SpringBootContextLoader
11:35:29.666 [main] DEBUG org.springframework.test.context.support.AbstractContextLoader - Did not detect default resource location for test class [cn.iocoder.cloud.yudaocommon.YudaoCommonApplicationTests]: class path resource [cn/iocoder/cloud/yudaocommon/YudaoCommonApplicationTests-context.xml] does not exist
11:35:29.666 [main] DEBUG org.springframework.test.context.support.AbstractContextLoader - Did not detect default resource location for test class [cn.iocoder.cloud.yudaocommon.YudaoCommonApplicationTests]: class path resource [cn/iocoder/cloud/yudaocommon/YudaoCommonApplicationTestsContext.groovy] does not exist
11:35:29.666 [main] INFO org.springframework.test.context.support.AbstractContextLoader - Could not detect default resource locations for test class [cn.iocoder.cloud.yudaocommon.YudaoCommonApplicationTests]: no resource found for suffixes {-context.xml, Context.groovy}.
11:35:29.666 [main] INFO org.springframework.test.context.support.AnnotationConfigContextLoaderUtils - Could not detect default configuration classes for test class [cn.iocoder.cloud.yudaocommon.YudaoCommonApplicationTests]: YudaoCommonApplicationTests does not declare any static, non-private, non-final, nested classes annotated with @Configuration.
11:35:29.694 [main] DEBUG org.springframework.test.context.support.ActiveProfilesUtils - Could not find an 'annotation declaring class' for annotation type [org.springframework.test.context.ActiveProfiles] and class [cn.iocoder.cloud.yudaocommon.YudaoCommonApplicationTests]
]]></system-out>
  </testcase>
</testsuite>